<?xml version="1.0" encoding="UTF-8"?>
<!-- Generated by org.testng.reporters.JUnitReportReporter -->
<testsuite hostname="next-PC" name="com.abc.Authrenication" tests="1" failures="0" timestamp="13 Feb 2020 06:08:25 GMT" time="8.143" errors="0">
  <testcase name="data" time="8.143" classname="com.abc.Authrenication"/>
</testsuite> <!-- com.abc.Authrenication -->
