<?xml version="1.0" encoding="UTF-8"?>
<!-- Generated by org.testng.reporters.JUnitReportReporter -->
<testsuite hostname="next-PC" name="com.abc.Demo" tests="1" failures="0" timestamp="11 Feb 2020 15:47:58 GMT" time="2.909" errors="0">
  <testcase name="getdata" time="2.909" classname="com.abc.Demo"/>
</testsuite> <!-- com.abc.Demo -->
